# JRE version: Java(TM) SE Runtime Environment (8.0_102-b14) (build 1.8.0_102-b14)
# Java VM: Java HotSpot(TM) 64-Bit Server VM (25.102-b14 mixed mode windows-amd64 compressed oops)
Heap:
 PSYoungGen      total 57344K, used 28903K [0x0000000780700000, 0x0000000784700000, 0x00000007c0000000)
  eden space 49152K, 42% used [0x0000000780700000,0x0000000781b418e8,0x0000000783700000)
  from space 8192K, 99% used [0x0000000783f00000,0x00000007846f85e0,0x0000000784700000)
  to   space 8192K, 0% used [0x0000000783700000,0x0000000783700000,0x0000000783f00000)
 ParOldGen       total 131072K, used 17244K [0x0000000701400000, 0x0000000709400000, 0x0000000780700000)
  object space 131072K, 13% used [0x0000000701400000,0x00000007024d70e0,0x0000000709400000)
 Metaspace       used 17291K, capacity 17960K, committed 18176K, reserved 1064960K
  class space    used 2287K, capacity 2469K, committed 2560K, reserved 1048576K
GC Heap History (4 events):
Event: 0.955 GC heap before
{Heap before GC invocations=1 (full 0):
 PSYoungGen      total 57344K, used 49152K [0x0000000780700000, 0x0000000784700000, 0x00000007c0000000)
  eden space 49152K, 100% used [0x0000000780700000,0x0000000783700000,0x0000000783700000)
  from space 8192K, 0% used [0x0000000783f00000,0x0000000783f00000,0x0000000784700000)
  to   space 8192K, 0% used [0x0000000783700000,0x0000000783700000,0x0000000783f00000)
 ParOldGen       total 131072K, used 0K [0x0000000701400000, 0x0000000709400000, 0x0000000780700000)
  object space 131072K, 0% used [0x0000000701400000,0x0000000701400000,0x0000000709400000)
 Metaspace       used 12409K, capacity 12756K, committed 13056K, reserved 1060864K
  class space    used 1619K, capacity 1740K, committed 1792K, reserved 1048576K
Event: 0.963 GC heap after
Heap after GC invocations=1 (full 0):
 PSYoungGen      total 57344K, used 8175K [0x0000000780700000, 0x0000000784700000, 0x00000007c0000000)
  eden space 49152K, 0% used [0x0000000780700000,0x0000000780700000,0x0000000783700000)
  from space 8192K, 99% used [0x0000000783700000,0x0000000783efbdd0,0x0000000783f00000)
  to   space 8192K, 0% used [0x0000000783f00000,0x0000000783f00000,0x0000000784700000)
 ParOldGen       total 131072K, used 12932K [0x0000000701400000, 0x0000000709400000, 0x0000000780700000)
  object space 131072K, 9% used [0x0000000701400000,0x00000007020a1380,0x0000000709400000)
 Metaspace       used 12409K, capacity 12756K, committed 13056K, reserved 1060864K
  class space    used 1619K, capacity 1740K, committed 1792K, reserved 1048576K
}
Event: 7.432 GC heap before
{Heap before GC invocations=2 (full 0):
 PSYoungGen      total 57344K, used 55912K [0x0000000780700000, 0x0000000784700000, 0x00000007c0000000)
  eden space 49152K, 97% used [0x0000000780700000,0x000000078359e538,0x0000000783700000)
  from space 8192K, 99% used [0x0000000783700000,0x0000000783efbdd0,0x0000000783f00000)
  to   space 8192K, 0% used [0x0000000783f00000,0x0000000783f00000,0x0000000784700000)
 ParOldGen       total 131072K, used 12932K [0x0000000701400000, 0x0000000709400000, 0x0000000780700000)
  object space 131072K, 9% used [0x0000000701400000,0x00000007020a1380,0x0000000709400000)
 Metaspace       used 16817K, capacity 17516K, committed 17664K, reserved 1064960K
  class space    used 2254K, capacity 2458K, committed 2560K, reserved 1048576K
Event: 7.439 GC heap after
Heap after GC invocations=2 (full 0):
 PSYoungGen      total 57344K, used 8161K [0x0000000780700000, 0x0000000784700000, 0x00000007c0000000)
  eden space 49152K, 0% used [0x0000000780700000,0x0000000780700000,0x0000000783700000)
  from space 8192K, 99% used [0x0000000783f00000,0x00000007846f85e0,0x0000000784700000)
  to   space 8192K, 0% used [0x0000000783700000,0x0000000783700000,0x0000000783f00000)
 ParOldGen       total 131072K, used 17244K [0x0000000701400000, 0x0000000709400000, 0x0000000780700000)
  object space 131072K, 13% used [0x0000000701400000,0x00000007024d70e0,0x0000000709400000)
 Metaspace       used 16817K, capacity 17516K, committed 17664K, reserved 1064960K
  class space    used 2254K, capacity 2458K, committed 2560K, reserved 1048576K
}

