# JRE version: Java(TM) SE Runtime Environment (8.0_102-b14) (build 1.8.0_102-b14)
# Java VM: Java HotSpot(TM) 64-Bit Server VM (25.102-b14 mixed mode windows-amd64 compressed oops)
Heap:
 PSYoungGen      total 57344K, used 30687K [0x0000000780700000, 0x0000000784700000, 0x00000007c0000000)
  eden space 49152K, 45% used [0x0000000780700000,0x0000000781cf9c80,0x0000000783700000)
  from space 8192K, 99% used [0x0000000783f00000,0x00000007846fe1d0,0x0000000784700000)
  to   space 8192K, 0% used [0x0000000783700000,0x0000000783700000,0x0000000783f00000)
 ParOldGen       total 131072K, used 17235K [0x0000000701400000, 0x0000000709400000, 0x0000000780700000)
  object space 131072K, 13% used [0x0000000701400000,0x00000007024d4d08,0x0000000709400000)
 Metaspace       used 17433K, capacity 18224K, committed 18432K, reserved 1064960K
  class space    used 2301K, capacity 2513K, committed 2560K, reserved 1048576K
GC Heap History (4 events):
Event: 0.971 GC heap before
{Heap before GC invocations=1 (full 0):
 PSYoungGen      total 57344K, used 49152K [0x0000000780700000, 0x0000000784700000, 0x00000007c0000000)
  eden space 49152K, 100% used [0x0000000780700000,0x0000000783700000,0x0000000783700000)
  from space 8192K, 0% used [0x0000000783f00000,0x0000000783f00000,0x0000000784700000)
  to   space 8192K, 0% used [0x0000000783700000,0x0000000783700000,0x0000000783f00000)
 ParOldGen       total 131072K, used 0K [0x0000000701400000, 0x0000000709400000, 0x0000000780700000)
  object space 131072K, 0% used [0x0000000701400000,0x0000000701400000,0x0000000709400000)
 Metaspace       used 12387K, capacity 12756K, committed 13056K, reserved 1060864K
  class space    used 1617K, capacity 1740K, committed 1792K, reserved 1048576K
Event: 0.979 GC heap after
Heap after GC invocations=1 (full 0):
 PSYoungGen      total 57344K, used 8175K [0x0000000780700000, 0x0000000784700000, 0x00000007c0000000)
  eden space 49152K, 0% used [0x0000000780700000,0x0000000780700000,0x0000000783700000)
  from space 8192K, 99% used [0x0000000783700000,0x0000000783efbdd0,0x0000000783f00000)
  to   space 8192K, 0% used [0x0000000783f00000,0x0000000783f00000,0x0000000784700000)
 ParOldGen       total 131072K, used 12927K [0x0000000701400000, 0x0000000709400000, 0x0000000780700000)
  object space 131072K, 9% used [0x0000000701400000,0x000000070209ff78,0x0000000709400000)
 Metaspace       used 12387K, capacity 12756K, committed 13056K, reserved 1060864K
  class space    used 1617K, capacity 1740K, committed 1792K, reserved 1048576K
}
Event: 7.585 GC heap before
{Heap before GC invocations=2 (full 0):
 PSYoungGen      total 57344K, used 56187K [0x0000000780700000, 0x0000000784700000, 0x00000007c0000000)
  eden space 49152K, 97% used [0x0000000780700000,0x00000007835e2fb8,0x0000000783700000)
  from space 8192K, 99% used [0x0000000783700000,0x0000000783efbdd0,0x0000000783f00000)
  to   space 8192K, 0% used [0x0000000783f00000,0x0000000783f00000,0x0000000784700000)
 ParOldGen       total 131072K, used 12927K [0x0000000701400000, 0x0000000709400000, 0x0000000780700000)
  object space 131072K, 9% used [0x0000000701400000,0x000000070209ff78,0x0000000709400000)
 Metaspace       used 16829K, capacity 17548K, committed 17664K, reserved 1064960K
  class space    used 2255K, capacity 2468K, committed 2560K, reserved 1048576K
Event: 7.597 GC heap after
Heap after GC invocations=2 (full 0):
 PSYoungGen      total 57344K, used 8184K [0x0000000780700000, 0x0000000784700000, 0x00000007c0000000)
  eden space 49152K, 0% used [0x0000000780700000,0x0000000780700000,0x0000000783700000)
  from space 8192K, 99% used [0x0000000783f00000,0x00000007846fe1d0,0x0000000784700000)
  to   space 8192K, 0% used [0x0000000783700000,0x0000000783700000,0x0000000783f00000)
 ParOldGen       total 131072K, used 17235K [0x0000000701400000, 0x0000000709400000, 0x0000000780700000)
  object space 131072K, 13% used [0x0000000701400000,0x00000007024d4d08,0x0000000709400000)
 Metaspace       used 16829K, capacity 17548K, committed 17664K, reserved 1064960K
  class space    used 2255K, capacity 2468K, committed 2560K, reserved 1048576K
}

