# JRE version: Java(TM) SE Runtime Environment (8.0_102-b14) (build 1.8.0_102-b14)
# Java VM: Java HotSpot(TM) 64-Bit Server VM (25.102-b14 mixed mode windows-amd64 compressed oops)
Heap:
 PSYoungGen      total 57344K, used 30692K [0x0000000780700000, 0x0000000787700000, 0x00000007c0000000)
  eden space 49152K, 45% used [0x0000000780700000,0x0000000781cfb158,0x0000000783700000)
  from space 8192K, 99% used [0x0000000786f00000,0x00000007876fe1f0,0x0000000787700000)
  to   space 8192K, 0% used [0x0000000783700000,0x0000000783700000,0x0000000783f00000)
 ParOldGen       total 131072K, used 17234K [0x0000000701400000, 0x0000000709400000, 0x0000000780700000)
  object space 131072K, 13% used [0x0000000701400000,0x00000007024d49a8,0x0000000709400000)
 Metaspace       used 17434K, capacity 18164K, committed 18432K, reserved 1064960K
  class space    used 2303K, capacity 2513K, committed 2560K, reserved 1048576K
GC Heap History (4 events):
Event: 0.908 GC heap before
{Heap before GC invocations=1 (full 0):
 PSYoungGen      total 57344K, used 49152K [0x0000000780700000, 0x0000000784700000, 0x00000007c0000000)
  eden space 49152K, 100% used [0x0000000780700000,0x0000000783700000,0x0000000783700000)
  from space 8192K, 0% used [0x0000000783f00000,0x0000000783f00000,0x0000000784700000)
  to   space 8192K, 0% used [0x0000000783700000,0x0000000783700000,0x0000000783f00000)
 ParOldGen       total 131072K, used 0K [0x0000000701400000, 0x0000000709400000, 0x0000000780700000)
  object space 131072K, 0% used [0x0000000701400000,0x0000000701400000,0x0000000709400000)
 Metaspace       used 12412K, capacity 12760K, committed 13056K, reserved 1060864K
  class space    used 1619K, capacity 1740K, committed 1792K, reserved 1048576K
Event: 0.921 GC heap after
Heap after GC invocations=1 (full 0):
 PSYoungGen      total 57344K, used 8191K [0x0000000780700000, 0x0000000787700000, 0x00000007c0000000)
  eden space 49152K, 0% used [0x0000000780700000,0x0000000780700000,0x0000000783700000)
  from space 8192K, 99% used [0x0000000783700000,0x0000000783effde0,0x0000000783f00000)
  to   space 8192K, 0% used [0x0000000786f00000,0x0000000786f00000,0x0000000787700000)
 ParOldGen       total 131072K, used 12911K [0x0000000701400000, 0x0000000709400000, 0x0000000780700000)
  object space 131072K, 9% used [0x0000000701400000,0x000000070209bf78,0x0000000709400000)
 Metaspace       used 12412K, capacity 12760K, committed 13056K, reserved 1060864K
  class space    used 1619K, capacity 1740K, committed 1792K, reserved 1048576K
}
Event: 6.589 GC heap before
{Heap before GC invocations=2 (full 0):
 PSYoungGen      total 57344K, used 55549K [0x0000000780700000, 0x0000000787700000, 0x00000007c0000000)
  eden space 49152K, 96% used [0x0000000780700000,0x000000078353f808,0x0000000783700000)
  from space 8192K, 99% used [0x0000000783700000,0x0000000783effde0,0x0000000783f00000)
  to   space 8192K, 0% used [0x0000000786f00000,0x0000000786f00000,0x0000000787700000)
 ParOldGen       total 131072K, used 12911K [0x0000000701400000, 0x0000000709400000, 0x0000000780700000)
  object space 131072K, 9% used [0x0000000701400000,0x000000070209bf78,0x0000000709400000)
 Metaspace       used 16801K, capacity 17488K, committed 17664K, reserved 1064960K
  class space    used 2258K, capacity 2468K, committed 2560K, reserved 1048576K
Event: 6.598 GC heap after
Heap after GC invocations=2 (full 0):
 PSYoungGen      total 57344K, used 8184K [0x0000000780700000, 0x0000000787700000, 0x00000007c0000000)
  eden space 49152K, 0% used [0x0000000780700000,0x0000000780700000,0x0000000783700000)
  from space 8192K, 99% used [0x0000000786f00000,0x00000007876fe1f0,0x0000000787700000)
  to   space 8192K, 0% used [0x0000000783700000,0x0000000783700000,0x0000000783f00000)
 ParOldGen       total 131072K, used 17234K [0x0000000701400000, 0x0000000709400000, 0x0000000780700000)
  object space 131072K, 13% used [0x0000000701400000,0x00000007024d49a8,0x0000000709400000)
 Metaspace       used 16801K, capacity 17488K, committed 17664K, reserved 1064960K
  class space    used 2258K, capacity 2468K, committed 2560K, reserved 1048576K
}

